
/home/runner/work/exp-radiation-shield-tube-iitb/exp-radiation-shield-tube-iitb/experiment/simulation/common_libraries/js/ts_components/collapse_step.js
   1:10  warning  'show_step' is defined but never used                 no-unused-vars
   2:5   warning  '$' is not defined                                    no-undef
   3:9   warning  '$' is not defined                                    no-undef
   6:10  warning  'hide_step' is defined but never used                 no-unused-vars
   7:5   warning  '$' is not defined                                    no-undef
   8:9   warning  '$' is not defined                                    no-undef
  11:10  warning  'get_collapse_btn_text' is defined but never used     no-unused-vars
  20:10  warning  'get_collapse_btn_element' is defined but never used  no-unused-vars
  29:10  warning  'hide_all_steps' is defined but never used            no-unused-vars
  31:9   warning  '$' is not defined                                    no-undef

/home/runner/work/exp-radiation-shield-tube-iitb/exp-radiation-shield-tube-iitb/experiment/simulation/common_libraries/js/ts_components/matrix.js
   27:26  warning  'MathJax' is not defined                                no-undef
   32:7   warning  'Matrix_Without_String' is defined but never used       no-unused-vars
   52:26  warning  'MathJax' is not defined                                no-undef
   56:10  warning  'get_matrix_html' is defined but never used             no-unused-vars
   87:13  warning  'row_html' is assigned a value but never used           no-unused-vars
   99:10  warning  'get_matrix_html_with_title' is defined but never used  no-unused-vars
  131:13  warning  'row_html' is assigned a value but never used           no-unused-vars
  143:10  warning  'convert_2d_to_1d_vector' is defined but never used     no-unused-vars
  156:10  warning  'convert_1d_to_2d_matrix' is defined but never used     no-unused-vars

/home/runner/work/exp-radiation-shield-tube-iitb/exp-radiation-shield-tube-iitb/experiment/simulation/common_libraries/js/ts_components/pannel.js
  8:7  warning  'Pannel' is defined but never used  no-unused-vars

/home/runner/work/exp-radiation-shield-tube-iitb/exp-radiation-shield-tube-iitb/experiment/simulation/common_libraries/js/ts_components/questions.js
   6:17  warning  'op1' is assigned a value but never used      no-unused-vars
   7:17  warning  'op2' is assigned a value but never used      no-unused-vars
   8:17  warning  'op3' is assigned a value but never used      no-unused-vars
   9:17  warning  'op4' is assigned a value but never used      no-unused-vars
  94:7   warning  'Question_Options' is defined but never used  no-unused-vars

/home/runner/work/exp-radiation-shield-tube-iitb/exp-radiation-shield-tube-iitb/experiment/simulation/common_libraries/js/ts_components/tables.js
   19:22  warning  'verify_values' is not defined                                     no-undef
  137:22  warning  'verify_values' is not defined                                     no-undef
  260:7   warning  'Verify_Rows_Cols_6_decimal_places' is defined but never used      no-unused-vars
  311:22  warning  'verify_values' is not defined                                     no-undef
  416:7   warning  'Verify_Rows_Cols_Custom_Fixed_Update1' is defined but never used  no-unused-vars
  468:7   warning  'Show_Table_Custom_Fixed' is defined but never used                no-unused-vars
  506:7   warning  'Verify_Rows_Cols_Strings' is defined but never used               no-unused-vars
  527:22  warning  'verify_values' is not defined                                     no-undef
  663:7   warning  'Display_Table' is defined but never used                          no-unused-vars

/home/runner/work/exp-radiation-shield-tube-iitb/exp-radiation-shield-tube-iitb/experiment/simulation/common_libraries/js/ts_math_library/general_math_functions.js
    1:10  warning  'verify_values' is defined but never used                   no-unused-vars
   17:10  warning  'random1' is defined but never used                         no-unused-vars
   21:10  warning  'std_deviation' is defined but never used                   no-unused-vars
   26:10  warning  'gauss' is defined but never used                           no-unused-vars
   56:10  warning  'hide_panel' is defined but never used                      no-unused-vars
   63:10  warning  'inverse_matrix' is defined but never used                  no-unused-vars
   96:10  warning  'matrix_multiplication' is defined but never used           no-unused-vars
  113:10  warning  'transpose_matrix' is defined but never used                no-unused-vars
  123:10  warning  'matrix_multiplication_8decimal' is defined but never used  no-unused-vars
  140:10  warning  'adjoint_2x2_matrix' is defined but never used              no-unused-vars
  145:10  warning  'find_deteminant' is defined but never used                 no-unused-vars
  174:10  warning  'get_Submatrix' is defined but never used                   no-unused-vars

/home/runner/work/exp-radiation-shield-tube-iitb/exp-radiation-shield-tube-iitb/experiment/simulation/common_libraries/js/ts_math_library/regression.js
   1:10  warning  'regression_linear' is defined but never used            no-unused-vars
  18:10  warning  'regression_linear_1variable' is defined but never used  no-unused-vars
  27:10  warning  'regression_linear_2variable' is defined but never used  no-unused-vars
  52:11  warning  'gauss' is not defined                                   no-undef

/home/runner/work/exp-radiation-shield-tube-iitb/exp-radiation-shield-tube-iitb/experiment/simulation/common_libraries/math.ob.js
  1:745  warning  'b' is already defined  no-redeclare

/home/runner/work/exp-radiation-shield-tube-iitb/exp-radiation-shield-tube-iitb/experiment/simulation/js/activity1.js
   19:24   warning  'MathJax' is not defined                      no-undef
   22:10   warning  'start_act1' is defined but never used        no-unused-vars
   27:20   warning  'get_collapse_btn_text' is not defined        no-undef
   32:50   warning  'act1_d1' is not defined                      no-undef
   32:111  warning  'act1_d2' is not defined                      no-undef
   32:183  warning  'act1_eps1' is not defined                    no-undef
   32:202  warning  'act1_eps2' is not defined                    no-undef
   32:237  warning  'act1_t1' is not defined                      no-undef
   32:267  warning  'act1_t2' is not defined                      no-undef
   33:72   warning  'act1_l' is not defined                       no-undef
   34:91   warning  'act1_d3' is not defined                      no-undef
   34:119  warning  'act1_eps3' is not defined                    no-undef
   34:154  warning  'act1_eps4' is not defined                    no-undef
  128:5    warning  'hide_all_steps' is not defined               no-undef
  129:24   warning  'show_step' is not defined                    no-undef
  130:24   warning  'MathJax' is not defined                      no-undef
  134:5    warning  'act1_a1' is not defined                      no-undef
  134:25   warning  'act1_d1_val' is not defined                  no-undef
  134:39   warning  'act1_l' is not defined                       no-undef
  135:5    warning  'act1_a2' is not defined                      no-undef
  135:25   warning  'act1_d2_val' is not defined                  no-undef
  135:39   warning  'act1_l' is not defined                       no-undef
  137:5    warning  'act1_a3' is not defined                      no-undef
  137:25   warning  'act1_d3_val' is not defined                  no-undef
  137:39   warning  'act1_l' is not defined                       no-undef
  138:18   warning  'act1_eps1' is not defined                    no-undef
  138:32   warning  'act1_a1' is not defined                      no-undef
  138:42   warning  'act1_eps1' is not defined                    no-undef
  138:59   warning  'act1_a1' is not defined                      no-undef
  138:74   warning  'act1_eps2' is not defined                    no-undef
  138:88   warning  'act1_a2' is not defined                      no-undef
  138:98   warning  'act1_eps2' is not defined                    no-undef
  139:5    warning  'act1_qw' is not defined                      no-undef
  139:15   warning  'sigma' is not defined                        no-undef
  139:33   warning  'act1_t1' is not defined                      no-undef
  139:56   warning  'act1_t2' is not defined                      no-undef
  140:19   warning  'act1_eps1' is not defined                    no-undef
  140:33   warning  'act1_a1' is not defined                      no-undef
  140:43   warning  'act1_eps1' is not defined                    no-undef
  140:60   warning  'act1_a1' is not defined                      no-undef
  140:75   warning  'act1_eps3' is not defined                    no-undef
  140:89   warning  'act1_a3' is not defined                      no-undef
  140:99   warning  'act1_eps3' is not defined                    no-undef
  140:117  warning  'act1_eps4' is not defined                    no-undef
  140:131  warning  'act1_a3' is not defined                      no-undef
  140:141  warning  'act1_eps4' is not defined                    no-undef
  140:158  warning  'act1_a3' is not defined                      no-undef
  140:173  warning  'act1_eps2' is not defined                    no-undef
  140:187  warning  'act1_a2' is not defined                      no-undef
  140:197  warning  'act1_eps2' is not defined                    no-undef
  141:5    warning  'act1_qs' is not defined                      no-undef
  141:15   warning  'sigma' is not defined                        no-undef
  141:33   warning  'act1_t1' is not defined                      no-undef
  141:56   warning  'act1_t2' is not defined                      no-undef
  142:5    warning  'act1_redt_per' is not defined                no-undef
  142:23   warning  'act1_qw' is not defined                      no-undef
  142:33   warning  'act1_qs' is not defined                      no-undef
  142:44   warning  'act1_qw' is not defined                      no-undef
  143:14   warning  'act1_eps1' is not defined                    no-undef
  143:28   warning  'act1_a1' is not defined                      no-undef
  143:38   warning  'act1_eps1' is not defined                    no-undef
  143:55   warning  'act1_a1' is not defined                      no-undef
  143:70   warning  'act1_eps3' is not defined                    no-undef
  143:84   warning  'act1_a3' is not defined                      no-undef
  143:94   warning  'act1_eps3' is not defined                    no-undef
  144:5    warning  'act1_t3' is not defined                      no-undef
  144:26   warning  'act1_qs' is not defined                      no-undef
  144:40   warning  'sigma' is not defined                        no-undef
  144:57   warning  'act1_t1' is not defined                      no-undef
  146:33   warning  'sigma' is not defined                        no-undef
  147:30   warning  'act1_a1' is not defined                      no-undef
  148:30   warning  'act1_a2' is not defined                      no-undef
  149:30   warning  'act1_qw' is not defined                      no-undef
  150:30   warning  'act1_a3' is not defined                      no-undef
  151:30   warning  'act1_qs' is not defined                      no-undef
  152:48   warning  'act1_redt_per' is not defined                no-undef
  153:29   warning  'act1_q' is not defined                       no-undef
  154:30   warning  'act1_t3' is not defined                      no-undef
  156:10   warning  'verify_act1_a1' is defined but never used    no-unused-vars
  161:10   warning  'verify_values' is not defined                no-undef
  161:82   warning  'act1_a1' is not defined                      no-undef
  167:25   warning  'act1_a1' is not defined                      no-undef
  170:10   warning  'verify_act1_a2' is defined but never used    no-unused-vars
  175:10   warning  'verify_values' is not defined                no-undef
  175:82   warning  'act1_a2' is not defined                      no-undef
  181:25   warning  'act1_a2' is not defined                      no-undef
  184:10   warning  'verify_act1_qw' is defined but never used    no-unused-vars
  189:10   warning  'verify_values' is not defined                no-undef
  189:82   warning  'act1_qw' is not defined                      no-undef
  195:25   warning  'act1_qw' is not defined                      no-undef
  198:10   warning  'verify_act1_a3' is defined but never used    no-unused-vars
  203:10   warning  'verify_values' is not defined                no-undef
  203:82   warning  'act1_a3' is not defined                      no-undef
  209:25   warning  'act1_a3' is not defined                      no-undef
  212:10   warning  'verify_act1_qs' is defined but never used    no-unused-vars
  217:10   warning  'verify_values' is not defined                no-undef
  217:82   warning  'act1_qs' is not defined                      no-undef
  223:25   warning  'act1_qs' is not defined                      no-undef
  226:10   warning  'verify_act1_redc' is defined but never used  no-unused-vars
  231:10   warning  'verify_values' is not defined                no-undef
  231:82   warning  'act1_redt_per' is not defined                no-undef
  237:25   warning  'act1_redt_per' is not defined                no-undef
  240:10   warning  'verify_act1_t3' is defined but never used    no-unused-vars
  244:10   warning  'verify_values' is not defined                no-undef
  244:82   warning  'act1_t3' is not defined                      no-undef
  250:25   warning  'act1_t3' is not defined                      no-undef
  251:5    warning  'activity2' is not defined                    no-undef

/home/runner/work/exp-radiation-shield-tube-iitb/exp-radiation-shield-tube-iitb/experiment/simulation/js/activity2.js
    1:10   warning  'activity2' is defined but never used         no-unused-vars
   16:5    warning  'maindiv' is not defined                      no-undef
   17:24   warning  'MathJax' is not defined                      no-undef
   19:10   warning  'start_act2' is defined but never used        no-unused-vars
   24:20   warning  'get_collapse_btn_text' is not defined        no-undef
   29:45   warning  'act2_t1' is not defined                      no-undef
   29:126  warning  'act2_d1' is not defined                      no-undef
   29:248  warning  'act2_d2' is not defined                      no-undef
   29:333  warning  'act2_eps1_w' is not defined                  no-undef
   29:384  warning  'act2_t2' is not defined                      no-undef
   31:99   warning  'act2_eps1_s' is not defined                  no-undef
   94:5    warning  'maindiv' is not defined                      no-undef
   96:24   warning  'show_step' is not defined                    no-undef
   97:24   warning  'MathJax' is not defined                      no-undef
  100:5    warning  'act2_a1' is not defined                      no-undef
  100:34   warning  'act2_d1' is not defined                      no-undef
  101:5    warning  'act2_a2' is not defined                      no-undef
  101:34   warning  'act2_d2' is not defined                      no-undef
  102:17   warning  'sigma' is not defined                        no-undef
  102:35   warning  'act2_t1_val' is not defined                  no-undef
  102:62   warning  'act2_t2_val' is not defined                  no-undef
  103:23   warning  'act2_eps1_w' is not defined                  no-undef
  103:39   warning  'act2_a1' is not defined                      no-undef
  103:49   warning  'act2_eps1_w' is not defined                  no-undef
  103:71   warning  'act2_a1' is not defined                      no-undef
  103:81   warning  'act2_f12' is not defined                     no-undef
  103:100  warning  'act2_eps2_w' is not defined                  no-undef
  103:116  warning  'act2_a2' is not defined                      no-undef
  103:126  warning  'act2_eps2_w' is not defined                  no-undef
  104:5    warning  'act2_qw' is not defined                      no-undef
  105:23   warning  'act2_eps1_s' is not defined                  no-undef
  105:39   warning  'act2_a1' is not defined                      no-undef
  105:49   warning  'act2_eps1_s' is not defined                  no-undef
  105:71   warning  'act2_a1' is not defined                      no-undef
  105:81   warning  'act2_f12' is not defined                     no-undef
  105:100  warning  'act2_eps2_w' is not defined                  no-undef
  105:116  warning  'act2_a2' is not defined                      no-undef
  105:126  warning  'act2_eps2_w' is not defined                  no-undef
  106:5    warning  'act2_qs' is not defined                      no-undef
  107:5    warning  'act2_redt_per' is not defined                no-undef
  107:23   warning  'act2_qw' is not defined                      no-undef
  107:33   warning  'act2_qs' is not defined                      no-undef
  107:44   warning  'act2_qw' is not defined                      no-undef
  110:30   warning  'act2_a1' is not defined                      no-undef
  111:30   warning  'act2_a2' is not defined                      no-undef
  112:30   warning  'act2_qw' is not defined                      no-undef
  113:30   warning  'act2_qs' is not defined                      no-undef
  114:39   warning  'act2_redt_per' is not defined                no-undef
  116:10   warning  'verify_act2_a1' is defined but never used    no-unused-vars
  121:10   warning  'verify_values' is not defined                no-undef
  121:82   warning  'act2_a1' is not defined                      no-undef
  127:25   warning  'act2_a1' is not defined                      no-undef
  130:10   warning  'verify_act2_a2' is defined but never used    no-unused-vars
  135:10   warning  'verify_values' is not defined                no-undef
  135:82   warning  'act2_a2' is not defined                      no-undef
  141:25   warning  'act2_a2' is not defined                      no-undef
  144:10   warning  'verify_act2_qw' is defined but never used    no-unused-vars
  149:10   warning  'verify_values' is not defined                no-undef
  149:83   warning  'act2_qw' is not defined                      no-undef
  155:26   warning  'act2_qw' is not defined                      no-undef
  158:10   warning  'verify_act2_qs' is defined but never used    no-unused-vars
  163:10   warning  'verify_values' is not defined                no-undef
  163:83   warning  'act2_qs' is not defined                      no-undef
  169:26   warning  'act2_qs' is not defined                      no-undef
  172:10   warning  'verify_act2_redc' is defined but never used  no-unused-vars
  176:10   warning  'verify_values' is not defined                no-undef
  176:83   warning  'act2_redt_per' is not defined                no-undef
  182:26   warning  'act2_redt_per' is not defined                no-undef

/home/runner/work/exp-radiation-shield-tube-iitb/exp-radiation-shield-tube-iitb/experiment/simulation/js/data.js
   2:5  warning  'sigma' is assigned a value but never used          no-unused-vars
   5:5  warning  'act1_d1_val' is assigned a value but never used    no-unused-vars
   7:5  warning  'act1_d2_val' is assigned a value but never used    no-unused-vars
   9:5  warning  'act1_d3_val' is assigned a value but never used    no-unused-vars
  10:5  warning  'act1_l' is assigned a value but never used         no-unused-vars
  11:5  warning  'act1_t1' is assigned a value but never used        no-unused-vars
  12:5  warning  'act1_t2' is assigned a value but never used        no-unused-vars
  13:5  warning  'act1_eps1' is assigned a value but never used      no-unused-vars
  14:5  warning  'act1_eps2' is assigned a value but never used      no-unused-vars
  15:5  warning  'act1_eps3' is assigned a value but never used      no-unused-vars
  16:5  warning  'act1_eps4' is assigned a value but never used      no-unused-vars
  17:5  warning  'act1_f12' is assigned a value but never used       no-unused-vars
  18:5  warning  'act1_f13' is assigned a value but never used       no-unused-vars
  19:5  warning  'act1_f42' is assigned a value but never used       no-unused-vars
  20:5  warning  'act1_a1' is assigned a value but never used        no-unused-vars
  21:5  warning  'act1_a2' is assigned a value but never used        no-unused-vars
  22:5  warning  'act1_a3' is assigned a value but never used        no-unused-vars
  23:5  warning  'act1_qw' is assigned a value but never used        no-unused-vars
  24:5  warning  'act1_qs' is assigned a value but never used        no-unused-vars
  25:5  warning  'act1_redt_per' is assigned a value but never used  no-unused-vars
  26:5  warning  'act1_q' is assigned a value but never used         no-unused-vars
  27:5  warning  'act1_t3' is assigned a value but never used        no-unused-vars
  29:5  warning  'act2_d1' is assigned a value but never used        no-unused-vars
  30:5  warning  'act2_d2' is assigned a value but never used        no-unused-vars
  32:5  warning  'act2_t1_val' is assigned a value but never used    no-unused-vars
  34:5  warning  'act2_t2_val' is assigned a value but never used    no-unused-vars
  35:5  warning  'act2_eps1_w' is assigned a value but never used    no-unused-vars
  36:5  warning  'act2_eps2_w' is assigned a value but never used    no-unused-vars
  37:5  warning  'act2_eps1_s' is assigned a value but never used    no-unused-vars
  38:5  warning  'act2_eps2_s' is assigned a value but never used    no-unused-vars
  39:5  warning  'act2_f12' is assigned a value but never used       no-unused-vars
  40:5  warning  'act2_a1' is assigned a value but never used        no-unused-vars
  41:5  warning  'act2_a2' is assigned a value but never used        no-unused-vars
  42:5  warning  'act2_qw' is assigned a value but never used        no-unused-vars
  43:5  warning  'act2_qs' is assigned a value but never used        no-unused-vars
  44:5  warning  'act2_redt_per' is assigned a value but never used  no-unused-vars
  45:5  warning  'act2_epsa' is assigned a value but never used      no-unused-vars
  46:5  warning  'act2_epsb' is assigned a value but never used      no-unused-vars
  47:5  warning  'act2_epsc' is assigned a value but never used      no-unused-vars
  48:5  warning  'act2_epsd' is assigned a value but never used      no-unused-vars
  50:5  warning  'act2_ta' is assigned a value but never used        no-unused-vars
  52:5  warning  'act2_tb' is assigned a value but never used        no-unused-vars
  53:5  warning  'act2_qa' is assigned a value but never used        no-unused-vars
  54:5  warning  'act2_tc' is assigned a value but never used        no-unused-vars
  55:5  warning  'act2_td' is assigned a value but never used        no-unused-vars

✖ 271 problems (0 errors, 271 warnings)

